<?xml version="1.0" encoding="UTF-8"?>
<coverage generated="1653488811270" clover="3.2.0">
  <project timestamp="1653488811270" name="All files">
    <metrics statements="43" coveredstatements="43" conditionals="21" coveredconditionals="21" methods="11" coveredmethods="11" elements="75" coveredelements="75" complexity="0" loc="43" ncloc="43" packages="1" files="1" classes="1"/>
    <file name="gilded_rose.js" path="/Users/almorcrette/coding/projects/gilded-rose-js/src/gilded_rose.js">
      <metrics statements="43" coveredstatements="43" conditionals="21" coveredconditionals="21" methods="11" coveredmethods="11"/>
      <line num="3" count="26" type="stmt"/>
      <line num="4" count="26" type="stmt"/>
      <line num="5" count="26" type="stmt"/>
      <line num="11" count="27" type="stmt"/>
      <line num="15" count="26" type="stmt"/>
      <line num="16" count="26" type="cond" truecount="4" falsecount="0"/>
      <line num="18" count="5" type="stmt"/>
      <line num="19" count="5" type="stmt"/>
      <line num="21" count="6" type="stmt"/>
      <line num="22" count="6" type="stmt"/>
      <line num="24" count="8" type="stmt"/>
      <line num="25" count="8" type="stmt"/>
      <line num="27" count="5" type="stmt"/>
      <line num="28" count="5" type="stmt"/>
      <line num="31" count="26" type="stmt"/>
      <line num="35" count="24" type="stmt"/>
      <line num="39" count="17" type="cond" truecount="2" falsecount="0"/>
      <line num="40" count="13" type="stmt"/>
      <line num="45" count="31" type="cond" truecount="2" falsecount="0"/>
      <line num="46" count="20" type="stmt"/>
      <line num="51" count="5" type="stmt"/>
      <line num="52" count="5" type="cond" truecount="2" falsecount="0"/>
      <line num="53" count="2" type="stmt"/>
      <line num="55" count="5" type="stmt"/>
      <line num="59" count="6" type="cond" truecount="2" falsecount="0"/>
      <line num="60" count="1" type="stmt"/>
      <line num="62" count="5" type="stmt"/>
      <line num="63" count="5" type="cond" truecount="2" falsecount="0"/>
      <line num="64" count="4" type="stmt"/>
      <line num="66" count="5" type="cond" truecount="2" falsecount="0"/>
      <line num="67" count="1" type="stmt"/>
      <line num="70" count="6" type="stmt"/>
      <line num="74" count="5" type="stmt"/>
      <line num="75" count="5" type="cond" truecount="2" falsecount="0"/>
      <line num="76" count="2" type="stmt"/>
      <line num="78" count="5" type="stmt"/>
      <line num="82" count="8" type="stmt"/>
      <line num="83" count="8" type="stmt"/>
      <line num="84" count="8" type="cond" truecount="2" falsecount="0"/>
      <line num="85" count="4" type="stmt"/>
      <line num="86" count="4" type="stmt"/>
      <line num="88" count="8" type="stmt"/>
      <line num="93" count="1" type="stmt"/>
    </file>
  </project>
</coverage>
