{"/Users/almorcrette/coding/projects/gilded-rose-js/src/gilded_rose.js": {"path":"/Users/almorcrette/coding/projects/gilded-rose-js/src/gilded_rose.js","statementMap":{"0":{"start":{"line":3,"column":4},"end":{"line":3,"column":21}},"1":{"start":{"line":4,"column":4},"end":{"line":4,"column":25}},"2":{"start":{"line":5,"column":4},"end":{"line":5,"column":27}},"3":{"start":{"line":11,"column":4},"end":{"line":11,"column":23}},"4":{"start":{"line":15,"column":4},"end":{"line":30,"column":6}},"5":{"start":{"line":16,"column":6},"end":{"line":29,"column":7}},"6":{"start":{"line":18,"column":10},"end":{"line":18,"column":37}},"7":{"start":{"line":19,"column":10},"end":{"line":19,"column":16}},"8":{"start":{"line":21,"column":10},"end":{"line":21,"column":42}},"9":{"start":{"line":22,"column":10},"end":{"line":22,"column":16}},"10":{"start":{"line":24,"column":10},"end":{"line":24,"column":41}},"11":{"start":{"line":25,"column":10},"end":{"line":25,"column":16}},"12":{"start":{"line":27,"column":10},"end":{"line":27,"column":41}},"13":{"start":{"line":28,"column":10},"end":{"line":28,"column":16}},"14":{"start":{"line":31,"column":4},"end":{"line":31,"column":22}},"15":{"start":{"line":35,"column":4},"end":{"line":35,"column":27}},"16":{"start":{"line":39,"column":4},"end":{"line":41,"column":5}},"17":{"start":{"line":40,"column":6},"end":{"line":40,"column":24}},"18":{"start":{"line":45,"column":4},"end":{"line":47,"column":5}},"19":{"start":{"line":46,"column":6},"end":{"line":46,"column":24}},"20":{"start":{"line":51,"column":4},"end":{"line":51,"column":33}},"21":{"start":{"line":52,"column":4},"end":{"line":54,"column":5}},"22":{"start":{"line":53,"column":6},"end":{"line":53,"column":35}},"23":{"start":{"line":55,"column":4},"end":{"line":55,"column":25}},"24":{"start":{"line":59,"column":4},"end":{"line":69,"column":5}},"25":{"start":{"line":60,"column":6},"end":{"line":60,"column":32}},"26":{"start":{"line":62,"column":6},"end":{"line":62,"column":39}},"27":{"start":{"line":63,"column":6},"end":{"line":65,"column":7}},"28":{"start":{"line":64,"column":8},"end":{"line":64,"column":41}},"29":{"start":{"line":66,"column":6},"end":{"line":68,"column":7}},"30":{"start":{"line":67,"column":8},"end":{"line":67,"column":41}},"31":{"start":{"line":70,"column":4},"end":{"line":70,"column":30}},"32":{"start":{"line":74,"column":4},"end":{"line":74,"column":39}},"33":{"start":{"line":75,"column":4},"end":{"line":77,"column":5}},"34":{"start":{"line":76,"column":6},"end":{"line":76,"column":40}},"35":{"start":{"line":78,"column":4},"end":{"line":78,"column":29}},"36":{"start":{"line":82,"column":4},"end":{"line":82,"column":39}},"37":{"start":{"line":83,"column":4},"end":{"line":83,"column":39}},"38":{"start":{"line":84,"column":4},"end":{"line":87,"column":5}},"39":{"start":{"line":85,"column":6},"end":{"line":85,"column":40}},"40":{"start":{"line":86,"column":6},"end":{"line":86,"column":41}},"41":{"start":{"line":88,"column":4},"end":{"line":88,"column":29}},"42":{"start":{"line":93,"column":0},"end":{"line":96,"column":1}}},"fnMap":{"0":{"name":"(anonymous_0)","decl":{"start":{"line":2,"column":2},"end":{"line":2,"column":3}},"loc":{"start":{"line":2,"column":36},"end":{"line":6,"column":3}},"line":2},"1":{"name":"(anonymous_1)","decl":{"start":{"line":10,"column":2},"end":{"line":10,"column":3}},"loc":{"start":{"line":10,"column":23},"end":{"line":12,"column":3}},"line":10},"2":{"name":"(anonymous_2)","decl":{"start":{"line":14,"column":2},"end":{"line":14,"column":3}},"loc":{"start":{"line":14,"column":18},"end":{"line":32,"column":3}},"line":14},"3":{"name":"(anonymous_3)","decl":{"start":{"line":15,"column":24},"end":{"line":15,"column":25}},"loc":{"start":{"line":15,"column":32},"end":{"line":30,"column":5}},"line":15},"4":{"name":"(anonymous_4)","decl":{"start":{"line":34,"column":2},"end":{"line":34,"column":3}},"loc":{"start":{"line":34,"column":19},"end":{"line":36,"column":3}},"line":34},"5":{"name":"(anonymous_5)","decl":{"start":{"line":38,"column":2},"end":{"line":38,"column":3}},"loc":{"start":{"line":38,"column":23},"end":{"line":42,"column":3}},"line":38},"6":{"name":"(anonymous_6)","decl":{"start":{"line":44,"column":2},"end":{"line":44,"column":3}},"loc":{"start":{"line":44,"column":24},"end":{"line":48,"column":3}},"line":44},"7":{"name":"(anonymous_7)","decl":{"start":{"line":50,"column":2},"end":{"line":50,"column":3}},"loc":{"start":{"line":50,"column":29},"end":{"line":56,"column":3}},"line":50},"8":{"name":"(anonymous_8)","decl":{"start":{"line":58,"column":2},"end":{"line":58,"column":3}},"loc":{"start":{"line":58,"column":39},"end":{"line":71,"column":3}},"line":58},"9":{"name":"(anonymous_9)","decl":{"start":{"line":73,"column":2},"end":{"line":73,"column":3}},"loc":{"start":{"line":73,"column":37},"end":{"line":79,"column":3}},"line":73},"10":{"name":"(anonymous_10)","decl":{"start":{"line":81,"column":2},"end":{"line":81,"column":3}},"loc":{"start":{"line":81,"column":37},"end":{"line":89,"column":3}},"line":81}},"branchMap":{"0":{"loc":{"start":{"line":10,"column":14},"end":{"line":10,"column":22}},"type":"default-arg","locations":[{"start":{"line":10,"column":20},"end":{"line":10,"column":22}}],"line":10},"1":{"loc":{"start":{"line":16,"column":6},"end":{"line":29,"column":7}},"type":"switch","locations":[{"start":{"line":17,"column":8},"end":{"line":19,"column":16}},{"start":{"line":20,"column":8},"end":{"line":22,"column":16}},{"start":{"line":23,"column":8},"end":{"line":25,"column":16}},{"start":{"line":26,"column":8},"end":{"line":28,"column":16}}],"line":16},"2":{"loc":{"start":{"line":39,"column":4},"end":{"line":41,"column":5}},"type":"if","locations":[{"start":{"line":39,"column":4},"end":{"line":41,"column":5}},{"start":{"line":39,"column":4},"end":{"line":41,"column":5}}],"line":39},"3":{"loc":{"start":{"line":45,"column":4},"end":{"line":47,"column":5}},"type":"if","locations":[{"start":{"line":45,"column":4},"end":{"line":47,"column":5}},{"start":{"line":45,"column":4},"end":{"line":47,"column":5}}],"line":45},"4":{"loc":{"start":{"line":52,"column":4},"end":{"line":54,"column":5}},"type":"if","locations":[{"start":{"line":52,"column":4},"end":{"line":54,"column":5}},{"start":{"line":52,"column":4},"end":{"line":54,"column":5}}],"line":52},"5":{"loc":{"start":{"line":59,"column":4},"end":{"line":69,"column":5}},"type":"if","locations":[{"start":{"line":59,"column":4},"end":{"line":69,"column":5}},{"start":{"line":59,"column":4},"end":{"line":69,"column":5}}],"line":59},"6":{"loc":{"start":{"line":63,"column":6},"end":{"line":65,"column":7}},"type":"if","locations":[{"start":{"line":63,"column":6},"end":{"line":65,"column":7}},{"start":{"line":63,"column":6},"end":{"line":65,"column":7}}],"line":63},"7":{"loc":{"start":{"line":66,"column":6},"end":{"line":68,"column":7}},"type":"if","locations":[{"start":{"line":66,"column":6},"end":{"line":68,"column":7}},{"start":{"line":66,"column":6},"end":{"line":68,"column":7}}],"line":66},"8":{"loc":{"start":{"line":75,"column":4},"end":{"line":77,"column":5}},"type":"if","locations":[{"start":{"line":75,"column":4},"end":{"line":77,"column":5}},{"start":{"line":75,"column":4},"end":{"line":77,"column":5}}],"line":75},"9":{"loc":{"start":{"line":84,"column":4},"end":{"line":87,"column":5}},"type":"if","locations":[{"start":{"line":84,"column":4},"end":{"line":87,"column":5}},{"start":{"line":84,"column":4},"end":{"line":87,"column":5}}],"line":84}},"s":{"0":26,"1":26,"2":26,"3":27,"4":26,"5":26,"6":5,"7":5,"8":6,"9":6,"10":8,"11":8,"12":5,"13":5,"14":26,"15":24,"16":17,"17":13,"18":31,"19":20,"20":5,"21":5,"22":2,"23":5,"24":6,"25":1,"26":5,"27":5,"28":4,"29":5,"30":1,"31":6,"32":5,"33":5,"34":2,"35":5,"36":8,"37":8,"38":8,"39":4,"40":4,"41":8,"42":1},"f":{"0":26,"1":27,"2":26,"3":26,"4":24,"5":17,"6":31,"7":5,"8":6,"9":5,"10":8},"b":{"0":[1],"1":[5,6,8,5],"2":[13,4],"3":[20,11],"4":[2,3],"5":[1,5],"6":[4,1],"7":[1,4],"8":[2,3],"9":[4,4]},"_coverageSchema":"43e27e138ebf9cfc5966b082cf9a028302ed4184","hash":"1b927848a0db0ffdde8a5617ca80cd6ad1105563"}
}
