TN:
SF:/Users/almorcrette/coding/projects/gilded-rose-js/src/gilded_rose.js
FN:2,(anonymous_0)
FN:10,(anonymous_1)
FN:14,(anonymous_2)
FN:15,(anonymous_3)
FN:34,(anonymous_4)
FN:38,(anonymous_5)
FN:44,(anonymous_6)
FN:50,(anonymous_7)
FN:58,(anonymous_8)
FN:73,(anonymous_9)
FN:81,(anonymous_10)
FNF:11
FNH:11
FNDA:26,(anonymous_0)
FNDA:27,(anonymous_1)
FNDA:26,(anonymous_2)
FNDA:26,(anonymous_3)
FNDA:24,(anonymous_4)
FNDA:17,(anonymous_5)
FNDA:31,(anonymous_6)
FNDA:5,(anonymous_7)
FNDA:6,(anonymous_8)
FNDA:5,(anonymous_9)
FNDA:8,(anonymous_10)
DA:3,26
DA:4,26
DA:5,26
DA:11,27
DA:15,26
DA:16,26
DA:18,5
DA:19,5
DA:21,6
DA:22,6
DA:24,8
DA:25,8
DA:27,5
DA:28,5
DA:31,26
DA:35,24
DA:39,17
DA:40,13
DA:45,31
DA:46,20
DA:51,5
DA:52,5
DA:53,2
DA:55,5
DA:59,6
DA:60,1
DA:62,5
DA:63,5
DA:64,4
DA:66,5
DA:67,1
DA:70,6
DA:74,5
DA:75,5
DA:76,2
DA:78,5
DA:82,8
DA:83,8
DA:84,8
DA:85,4
DA:86,4
DA:88,8
DA:93,1
LF:43
LH:43
BRDA:10,0,0,1
BRDA:16,1,0,5
BRDA:16,1,1,6
BRDA:16,1,2,8
BRDA:16,1,3,5
BRDA:39,2,0,13
BRDA:39,2,1,4
BRDA:45,3,0,20
BRDA:45,3,1,11
BRDA:52,4,0,2
BRDA:52,4,1,3
BRDA:59,5,0,1
BRDA:59,5,1,5
BRDA:63,6,0,4
BRDA:63,6,1,1
BRDA:66,7,0,1
BRDA:66,7,1,4
BRDA:75,8,0,2
BRDA:75,8,1,3
BRDA:84,9,0,4
BRDA:84,9,1,4
BRF:21
BRH:21
end_of_record
