TN:
SF:/Users/almorcrette/coding/projects/gilded-rose-js/src/AgedBrie.js
FN:4,(anonymous_0)
FN:11,(anonymous_1)
FNF:2
FNH:2
FNDA:5,(anonymous_0)
FNDA:5,(anonymous_1)
DA:1,1
DA:5,5
DA:6,5
DA:7,5
DA:8,5
DA:12,5
DA:13,5
DA:14,2
DA:16,5
DA:20,1
LF:10
LH:10
BRDA:13,0,0,2
BRDA:13,0,1,3
BRF:2
BRH:2
end_of_record
TN:
SF:/Users/almorcrette/coding/projects/gilded-rose-js/src/BackstagePass.js
FN:4,(anonymous_0)
FN:11,(anonymous_1)
FNF:2
FNH:2
FNDA:6,(anonymous_0)
FNDA:6,(anonymous_1)
DA:1,1
DA:5,6
DA:6,6
DA:7,6
DA:8,6
DA:12,6
DA:13,1
DA:15,5
DA:16,5
DA:17,4
DA:19,5
DA:20,1
DA:23,6
DA:28,1
LF:14
LH:14
BRDA:12,0,0,1
BRDA:12,0,1,5
BRDA:16,1,0,4
BRDA:16,1,1,1
BRDA:19,2,0,1
BRDA:19,2,1,4
BRF:6
BRH:6
end_of_record
TN:
SF:/Users/almorcrette/coding/projects/gilded-rose-js/src/ConjuredItem.js
FN:4,(anonymous_0)
FN:11,(anonymous_1)
FNF:2
FNH:2
FNDA:8,(anonymous_0)
FNDA:8,(anonymous_1)
DA:1,1
DA:5,8
DA:6,8
DA:7,8
DA:8,8
DA:12,8
DA:13,8
DA:14,8
DA:15,4
DA:16,4
DA:18,8
DA:22,1
LF:12
LH:12
BRDA:14,0,0,4
BRDA:14,0,1,4
BRF:2
BRH:2
end_of_record
TN:
SF:/Users/almorcrette/coding/projects/gilded-rose-js/src/Item.js
FN:2,(anonymous_0)
FN:8,(anonymous_1)
FN:12,(anonymous_2)
FN:18,(anonymous_3)
FN:24,(anonymous_4)
FNF:5
FNH:5
FNDA:24,(anonymous_0)
FNDA:24,(anonymous_1)
FNDA:17,(anonymous_2)
FNDA:31,(anonymous_3)
FNDA:5,(anonymous_4)
DA:3,24
DA:4,24
DA:5,24
DA:9,24
DA:13,17
DA:14,13
DA:19,31
DA:20,20
DA:25,5
DA:26,5
DA:27,2
DA:29,5
DA:33,5
LF:13
LH:13
BRDA:13,0,0,13
BRDA:13,0,1,4
BRDA:19,1,0,20
BRDA:19,1,1,11
BRDA:26,2,0,2
BRDA:26,2,1,3
BRF:6
BRH:6
end_of_record
TN:
SF:/Users/almorcrette/coding/projects/gilded-rose-js/src/Shop.js
FN:2,(anonymous_0)
FN:6,(anonymous_1)
FN:7,(anonymous_2)
FNF:3
FNH:3
FNDA:2,(anonymous_0)
FNDA:1,(anonymous_1)
FNDA:2,(anonymous_2)
DA:3,2
DA:7,1
DA:8,2
DA:10,1
DA:15,1
LF:5
LH:5
BRDA:2,0,0,1
BRF:1
BRH:1
end_of_record
